This file contains any messages produced by compilers while
running configure, to aid debugging if configure makes a mistake.

It was created by QRencode configure 4.1.1, which was
generated by GNU Autoconf 2.69.  Invocation command line was

  $ ./configure 

## --------- ##
## Platform. ##
## --------- ##

hostname = qinyuxuans-Mac-mini.local
uname -m = x86_64
uname -r = 19.6.0
uname -s = Darwin
uname -v = Darwin Kernel Version 19.6.0: Sun Jul  5 00:43:10 PDT 2020; root:xnu-6153.141.1~9/RELEASE_X86_64

/usr/bin/uname -p = i386
/bin/uname -X     = unknown

/bin/arch              = unknown
/usr/bin/arch -k       = unknown
/usr/convex/getsysinfo = unknown
/usr/bin/hostinfo      = Mach kernel version:
	 Darwin Kernel Version 19.6.0: Sun Jul  5 00:43:10 PDT 2020; root:xnu-6153.141.1~9/RELEASE_X86_64
Kernel configured for up to 4 processors.
4 processors are physically available.
4 processors are logically available.
Processor type: x86_64h (Intel x86-64h Haswell)
Processors active: 0 1 2 3
Primary memory available: 16.00 gigabytes
Default processor set: 466 tasks, 2122 threads, 4 processors
Load average: 1.88, Mach factor: 2.11
/bin/machine           = unknown
/usr/bin/oslevel       = unknown
/bin/universe          = unknown

PATH: /usr/local/bin
PATH: /usr/bin
PATH: /bin
PATH: /usr/sbin
PATH: /sbin
PATH: /Applications/VMware Fusion.app/Contents/Public


## ----------- ##
## Core tests. ##
## ----------- ##

configure:2349: checking build system type
configure:2363: result: x86_64-apple-darwin19.6.0
configure:2383: checking host system type
configure:2396: result: x86_64-apple-darwin19.6.0
configure:2416: checking target system type
configure:2429: result: x86_64-apple-darwin19.6.0
configure:2472: checking for a BSD-compatible install
configure:2540: result: /usr/bin/install -c
configure:2551: checking whether build environment is sane
configure:2606: result: yes
configure:2757: checking for a thread-safe mkdir -p
configure:2796: result: use/install-sh -c -d
configure:2803: checking for gawk
configure:2833: result: no
configure:2803: checking for mawk
configure:2833: result: no
configure:2803: checking for nawk
configure:2833: result: no
configure:2803: checking for awk
configure:2819: found /usr/bin/awk
configure:2830: result: awk
configure:2841: checking whether make sets $(MAKE)
configure:2863: result: yes
configure:2892: checking whether make supports nested variables
configure:2909: result: yes
configure:3071: checking whether make supports the include directive
configure:3086: make -f confmf.GNU && cat confinc.out
this is the am__doit target
configure:3089: $? = 0
configure:3108: result: yes (GNU style)
configure:3178: checking for gcc
configure:3194: found /usr/bin/gcc
configure:3205: result: gcc
configure:3434: checking for C compiler version
configure:3443: gcc --version >&5
Apple clang version 12.0.0 (clang-1200.0.32.2)
Target: x86_64-apple-darwin19.6.0
Thread model: posix
InstalledDir: /Library/Developer/CommandLineTools/usr/bin
Configured with: --prefix=/Library/Developer/CommandLineTools/usr --with-gxx-include-dir=/Library/Developer/CommandLineTools/SDKs/MacOSX.sdk/usr/include/c++/4.2.1
configure:3454: $? = 0
configure:3443: gcc -v >&5
Configured with: --prefix=/Library/Developer/CommandLineTools/usr --with-gxx-include-dir=/Library/Developer/CommandLineTools/SDKs/MacOSX.sdk/usr/include/c++/4.2.1
Apple clang version 12.0.0 (clang-1200.0.32.2)
Target: x86_64-apple-darwin19.6.0
Thread model: posix
InstalledDir: /Library/Developer/CommandLineTools/usr/bin
configure:3454: $? = 0
configure:3443: gcc -V >&5
clang: error: argument to '-V' is missing (expected 1 value)
clang: error: no input files
configure:3454: $? = 1
configure:3443: gcc -qversion >&5
clang: error: unknown argument '-qversion'; did you mean '--version'?
clang: error: no input files
configure:3454: $? = 1
configure:3474: checking whether the C compiler works
configure:3496: gcc    conftest.c  >&5
configure:3500: $? = 0
configure:3548: result: yes
configure:3551: checking for C compiler default output file name
configure:3553: result: a.out
configure:3559: checking for suffix of executables
configure:3566: gcc -o conftest    conftest.c  >&5
configure:3570: $? = 0
configure:3592: result: 
configure:3614: checking whether we are cross compiling
configure:3622: gcc -o conftest    conftest.c  >&5
configure:3626: $? = 0
configure:3633: ./conftest
configure:3637: $? = 0
configure:3652: result: no
configure:3657: checking for suffix of object files
configure:3679: gcc -c   conftest.c >&5
configure:3683: $? = 0
configure:3704: result: o
configure:3708: checking whether we are using the GNU C compiler
configure:3727: gcc -c   conftest.c >&5
configure:3727: $? = 0
configure:3736: result: yes
configure:3745: checking whether gcc accepts -g
configure:3765: gcc -c -g  conftest.c >&5
configure:3765: $? = 0
configure:3806: result: yes
configure:3823: checking for gcc option to accept ISO C89
configure:3886: gcc  -c -g -O2  conftest.c >&5
configure:3886: $? = 0
configure:3899: result: none needed
configure:3924: checking whether gcc understands -c and -o together
configure:3946: gcc -c conftest.c -o conftest2.o
configure:3949: $? = 0
configure:3946: gcc -c conftest.c -o conftest2.o
configure:3949: $? = 0
configure:3961: result: yes
configure:3980: checking dependency style of gcc
configure:4091: result: gcc3
configure:4107: checking for an ANSI C-conforming const
configure:4173: gcc -c -g -O2  conftest.c >&5
configure:4173: $? = 0
configure:4180: result: yes
configure:4188: checking for inline
configure:4204: gcc -c -g -O2  conftest.c >&5
configure:4204: $? = 0
configure:4212: result: inline
configure:4235: checking how to run the C preprocessor
configure:4266: gcc -E  conftest.c
configure:4266: $? = 0
configure:4280: gcc -E  conftest.c
conftest.c:14:10: fatal error: 'ac_nonexistent.h' file not found
#include <ac_nonexistent.h>
         ^~~~~~~~~~~~~~~~~~
1 error generated.
configure:4280: $? = 1
configure: failed program was:
| /* confdefs.h */
| #define PACKAGE_NAME "QRencode"
| #define PACKAGE_TARNAME "qrencode"
| #define PACKAGE_VERSION "4.1.1"
| #define PACKAGE_STRING "QRencode 4.1.1"
| #define PACKAGE_BUGREPORT ""
| #define PACKAGE_URL ""
| #define MAJOR_VERSION 4
| #define MINOR_VERSION 1
| #define MICRO_VERSION 1
| #define PACKAGE "qrencode"
| #define VERSION "4.1.1"
| /* end confdefs.h.  */
| #include <ac_nonexistent.h>
configure:4305: result: gcc -E
configure:4325: gcc -E  conftest.c
configure:4325: $? = 0
configure:4339: gcc -E  conftest.c
conftest.c:14:10: fatal error: 'ac_nonexistent.h' file not found
#include <ac_nonexistent.h>
         ^~~~~~~~~~~~~~~~~~
1 error generated.
configure:4339: $? = 1
configure: failed program was:
| /* confdefs.h */
| #define PACKAGE_NAME "QRencode"
| #define PACKAGE_TARNAME "qrencode"
| #define PACKAGE_VERSION "4.1.1"
| #define PACKAGE_STRING "QRencode 4.1.1"
| #define PACKAGE_BUGREPORT ""
| #define PACKAGE_URL ""
| #define MAJOR_VERSION 4
| #define MINOR_VERSION 1
| #define MICRO_VERSION 1
| #define PACKAGE "qrencode"
| #define VERSION "4.1.1"
| /* end confdefs.h.  */
| #include <ac_nonexistent.h>
configure:4368: checking for grep that handles long lines and -e
configure:4426: result: /usr/bin/grep
configure:4431: checking for egrep
configure:4493: result: /usr/bin/grep -E
configure:4498: checking for ANSI C header files
configure:4518: gcc -c -g -O2  conftest.c >&5
configure:4518: $? = 0
configure:4591: gcc -o conftest -g -O2   conftest.c  >&5
configure:4591: $? = 0
configure:4591: ./conftest
configure:4591: $? = 0
configure:4602: result: yes
configure:4615: checking for sys/types.h
configure:4615: gcc -c -g -O2  conftest.c >&5
configure:4615: $? = 0
configure:4615: result: yes
configure:4615: checking for sys/stat.h
configure:4615: gcc -c -g -O2  conftest.c >&5
configure:4615: $? = 0
configure:4615: result: yes
configure:4615: checking for stdlib.h
configure:4615: gcc -c -g -O2  conftest.c >&5
configure:4615: $? = 0
configure:4615: result: yes
configure:4615: checking for string.h
configure:4615: gcc -c -g -O2  conftest.c >&5
configure:4615: $? = 0
configure:4615: result: yes
configure:4615: checking for memory.h
configure:4615: gcc -c -g -O2  conftest.c >&5
configure:4615: $? = 0
configure:4615: result: yes
configure:4615: checking for strings.h
configure:4615: gcc -c -g -O2  conftest.c >&5
configure:4615: $? = 0
configure:4615: result: yes
configure:4615: checking for inttypes.h
configure:4615: gcc -c -g -O2  conftest.c >&5
configure:4615: $? = 0
configure:4615: result: yes
configure:4615: checking for stdint.h
configure:4615: gcc -c -g -O2  conftest.c >&5
configure:4615: $? = 0
configure:4615: result: yes
configure:4615: checking for unistd.h
configure:4615: gcc -c -g -O2  conftest.c >&5
configure:4615: $? = 0
configure:4615: result: yes
configure:4629: checking sys/time.h usability
configure:4629: gcc -c -g -O2  conftest.c >&5
configure:4629: $? = 0
configure:4629: result: yes
configure:4629: checking sys/time.h presence
configure:4629: gcc -E  conftest.c
configure:4629: $? = 0
configure:4629: result: yes
configure:4629: checking for sys/time.h
configure:4629: result: yes
configure:4686: checking how to print strings
configure:4713: result: printf
configure:4734: checking for a sed that does not truncate output
configure:4798: result: /usr/bin/sed
configure:4816: checking for fgrep
configure:4878: result: /usr/bin/grep -F
configure:4913: checking for ld used by gcc
configure:4980: result: /Library/Developer/CommandLineTools/usr/bin/ld
configure:4987: checking if the linker (/Library/Developer/CommandLineTools/usr/bin/ld) is GNU ld
configure:5002: result: no
configure:5014: checking for BSD- or MS-compatible name lister (nm)
configure:5068: result: /usr/bin/nm -B
configure:5198: checking the name lister (/usr/bin/nm -B) interface
configure:5205: gcc -c -g -O2  conftest.c >&5
configure:5208: /usr/bin/nm -B "conftest.o"
configure:5211: output
0000000000000214 S _some_variable
configure:5218: result: BSD nm
configure:5221: checking whether ln -s works
configure:5225: result: yes
configure:5233: checking the maximum length of command line arguments
configure:5364: result: 196608
configure:5412: checking how to convert x86_64-apple-darwin19.6.0 file names to x86_64-apple-darwin19.6.0 format
configure:5452: result: func_convert_file_noop
configure:5459: checking how to convert x86_64-apple-darwin19.6.0 file names to toolchain format
configure:5479: result: func_convert_file_noop
configure:5486: checking for /Library/Developer/CommandLineTools/usr/bin/ld option to reload object files
configure:5493: result: -r
configure:5567: checking for objdump
configure:5583: found /usr/bin/objdump
configure:5594: result: objdump
configure:5626: checking how to recognize dependent libraries
configure:5826: result: pass_all
configure:5911: checking for dlltool
configure:5941: result: no
configure:5971: checking how to associate runtime and link libraries
configure:5998: result: printf %s\n
configure:6058: checking for ar
configure:6074: found /usr/bin/ar
configure:6085: result: ar
configure:6122: checking for archiver @FILE support
configure:6139: gcc -c -g -O2  conftest.c >&5
configure:6139: $? = 0
configure:6142: ar cr libconftest.a @conftest.lst >&5
ar: @conftest.lst: No such file or directory
configure:6145: $? = 1
configure:6165: result: no
configure:6223: checking for strip
configure:6239: found /usr/bin/strip
configure:6250: result: strip
configure:6322: checking for ranlib
configure:6338: found /usr/bin/ranlib
configure:6349: result: ranlib
configure:6451: checking command to parse /usr/bin/nm -B output from gcc object
configure:6604: gcc -c -g -O2  conftest.c >&5
configure:6607: $? = 0
configure:6611: /usr/bin/nm -B conftest.o | sed -n -e 's/^.*[	 ]\([BCDEGRST][BCDEGRST]*\)[	 ][	 ]*\([_A-Za-z][_A-Za-z0-9]*\)$/\1 \2 \2/p' | sed '/ __gnu_lto/d' > conftest.nm
cannot find nm_test_var in conftest.nm
configure:6604: gcc -c -g -O2  conftest.c >&5
configure:6607: $? = 0
configure:6611: /usr/bin/nm -B conftest.o | sed -n -e 's/^.*[	 ]\([BCDEGRST][BCDEGRST]*\)[	 ][	 ]*_\([_A-Za-z][_A-Za-z0-9]*\)$/\1 _\2 \2/p' | sed '/ __gnu_lto/d' > conftest.nm
configure:6677: gcc -o conftest -g -O2   conftest.c conftstm.o >&5
warning: (x86_64)  could not find object file symbol for symbol _main
configure:6680: $? = 0
configure:6718: result: ok
configure:6765: checking for sysroot
configure:6795: result: no
configure:6802: checking for a working dd
configure:6840: result: /bin/dd
configure:6844: checking how to truncate binary pipes
configure:6859: result: /bin/dd bs=4096 count=1
configure:7188: checking for mt
configure:7218: result: no
configure:7238: checking if : is a manifest tool
configure:7244: : '-?'
configure:7252: result: no
configure:7308: checking for dsymutil
configure:7324: found /usr/bin/dsymutil
configure:7335: result: dsymutil
configure:7400: checking for nmedit
configure:7416: found /usr/bin/nmedit
configure:7427: result: nmedit
configure:7492: checking for lipo
configure:7508: found /usr/bin/lipo
configure:7519: result: lipo
configure:7584: checking for otool
configure:7600: found /usr/bin/otool
configure:7611: result: otool
configure:7676: checking for otool64
configure:7706: result: no
configure:7751: checking for -single_module linker flag
gcc -g -O2  -o libconftest.dylib -dynamiclib -Wl,-single_module conftest.c
configure:7784: result: yes
configure:7787: checking for -exported_symbols_list linker flag
configure:7807: gcc -o conftest -g -O2   -Wl,-exported_symbols_list,conftest.sym conftest.c  >&5
configure:7807: $? = 0
configure:7817: result: yes
configure:7820: checking for -force_load linker flag
gcc -g -O2 -c -o conftest.o conftest.c
ar cr libconftest.a conftest.o
ranlib libconftest.a
gcc -g -O2  -o conftest conftest.c -Wl,-force_load,./libconftest.a
configure:7852: result: yes
configure:7926: checking for dlfcn.h
configure:7926: gcc -c -g -O2  conftest.c >&5
configure:7926: $? = 0
configure:7926: result: yes
configure:8152: checking for objdir
configure:8167: result: .libs
configure:8427: checking if gcc supports -fno-rtti -fno-exceptions
configure:8445: gcc -c -g -O2  -fno-rtti -fno-exceptions conftest.c >&5
configure:8449: $? = 0
configure:8462: result: yes
configure:8826: checking for gcc option to produce PIC
configure:8833: result: -fno-common -DPIC
configure:8841: checking if gcc PIC flag -fno-common -DPIC works
configure:8859: gcc -c -g -O2  -fno-common -DPIC -DPIC conftest.c >&5
configure:8863: $? = 0
configure:8876: result: yes
configure:8905: checking if gcc static flag -static works
configure:8933: result: no
configure:8948: checking if gcc supports -c -o file.o
configure:8969: gcc -c -g -O2  -o out/conftest2.o conftest.c >&5
configure:8973: $? = 0
configure:8995: result: yes
configure:9003: checking if gcc supports -c -o file.o
configure:9050: result: yes
configure:9083: checking whether the gcc linker (/Library/Developer/CommandLineTools/usr/bin/ld) supports shared libraries
configure:10346: result: yes
configure:10586: checking dynamic linker characteristics
configure:11416: result: darwin19.6.0 dyld
configure:11538: checking how to hardcode library paths into programs
configure:11563: result: immediate
configure:12111: checking whether stripping libraries is possible
configure:12125: result: yes
configure:12151: checking if libtool supports shared libraries
configure:12153: result: yes
configure:12156: checking whether to build shared libraries
configure:12181: result: yes
configure:12184: checking whether to build static libraries
configure:12188: result: no
configure:12273: checking for gcc
configure:12300: result: gcc
configure:12529: checking for C compiler version
configure:12538: gcc --version >&5
Apple clang version 12.0.0 (clang-1200.0.32.2)
Target: x86_64-apple-darwin19.6.0
Thread model: posix
InstalledDir: /Library/Developer/CommandLineTools/usr/bin
Configured with: --prefix=/Library/Developer/CommandLineTools/usr --with-gxx-include-dir=/Library/Developer/CommandLineTools/SDKs/MacOSX.sdk/usr/include/c++/4.2.1
configure:12549: $? = 0
configure:12538: gcc -v >&5
Configured with: --prefix=/Library/Developer/CommandLineTools/usr --with-gxx-include-dir=/Library/Developer/CommandLineTools/SDKs/MacOSX.sdk/usr/include/c++/4.2.1
Apple clang version 12.0.0 (clang-1200.0.32.2)
Target: x86_64-apple-darwin19.6.0
Thread model: posix
InstalledDir: /Library/Developer/CommandLineTools/usr/bin
configure:12549: $? = 0
configure:12538: gcc -V >&5
clang: error: argument to '-V' is missing (expected 1 value)
clang: error: no input files
configure:12549: $? = 1
configure:12538: gcc -qversion >&5
clang: error: unknown argument '-qversion'; did you mean '--version'?
clang: error: no input files
configure:12549: $? = 1
configure:12553: checking whether we are using the GNU C compiler
configure:12581: result: yes
configure:12590: checking whether gcc accepts -g
configure:12651: result: yes
configure:12668: checking for gcc option to accept ISO C89
configure:12744: result: none needed
configure:12769: checking whether gcc understands -c and -o together
configure:12806: result: yes
configure:12825: checking dependency style of gcc
configure:12936: result: gcc3
configure:13008: checking for pkg-config
configure:13026: found /usr/local/bin/pkg-config
configure:13038: result: /usr/local/bin/pkg-config
configure:13063: checking pkg-config is at least version 0.9.0
configure:13066: result: yes
configure:13093: checking for strdup
configure:13093: gcc -o conftest -g -O2   conftest.c  >&5
conftest.c:50:6: warning: incompatible redeclaration of library function 'strdup' [-Wincompatible-library-redeclaration]
char strdup ();
     ^
conftest.c:50:6: note: 'strdup' is a builtin with type 'char *(const char *)'
1 warning generated.
configure:13093: $? = 0
configure:13093: result: yes
configure:13112: checking for pthread_mutex_init in -lpthread
configure:13137: gcc -o conftest -g -O2   conftest.c -lpthread   >&5
configure:13137: $? = 0
configure:13146: result: yes
configure:13199: checking for png
configure:13206: $PKG_CONFIG --exists --print-errors ""libpng""
configure:13209: $? = 0
configure:13223: $PKG_CONFIG --exists --print-errors ""libpng""
configure:13226: $? = 0
configure:13266: result: yes
configure:14529: checking that generated files are newer than configure
configure:14535: result: done
configure:14586: creating ./config.status

## ---------------------- ##
## Running config.status. ##
## ---------------------- ##

This file was extended by QRencode config.status 4.1.1, which was
generated by GNU Autoconf 2.69.  Invocation command line was

  CONFIG_FILES    = 
  CONFIG_HEADERS  = 
  CONFIG_LINKS    = 
  CONFIG_COMMANDS = 
  $ ./config.status 

on qinyuxuans-Mac-mini.local

config.status:1121: creating Makefile
config.status:1121: creating libqrencode.pc
config.status:1121: creating tests/Makefile
config.status:1121: creating qrencode.1
config.status:1121: creating config.h
config.status:1350: executing depfiles commands
config.status:1427: cd .       && sed -e '/# am--include-marker/d' Makefile         | make -f - am--depfiles
config.status:1432: $? = 0
config.status:1427: cd tests       && sed -e '/# am--include-marker/d' Makefile         | make -f - am--depfiles
config.status:1432: $? = 0
config.status:1350: executing libtool commands

## ---------------- ##
## Cache variables. ##
## ---------------- ##

ac_cv_build=x86_64-apple-darwin19.6.0
ac_cv_c_compiler_gnu=yes
ac_cv_c_const=yes
ac_cv_c_inline=inline
ac_cv_env_CC_set=
ac_cv_env_CC_value=
ac_cv_env_CFLAGS_set=
ac_cv_env_CFLAGS_value=
ac_cv_env_CPPFLAGS_set=
ac_cv_env_CPPFLAGS_value=
ac_cv_env_CPP_set=
ac_cv_env_CPP_value=
ac_cv_env_LDFLAGS_set=
ac_cv_env_LDFLAGS_value=
ac_cv_env_LIBS_set=
ac_cv_env_LIBS_value=
ac_cv_env_LT_SYS_LIBRARY_PATH_set=
ac_cv_env_LT_SYS_LIBRARY_PATH_value=
ac_cv_env_PKG_CONFIG_LIBDIR_set=
ac_cv_env_PKG_CONFIG_LIBDIR_value=
ac_cv_env_PKG_CONFIG_PATH_set=
ac_cv_env_PKG_CONFIG_PATH_value=
ac_cv_env_PKG_CONFIG_set=
ac_cv_env_PKG_CONFIG_value=
ac_cv_env_SDL_CFLAGS_set=
ac_cv_env_SDL_CFLAGS_value=
ac_cv_env_SDL_LIBS_set=
ac_cv_env_SDL_LIBS_value=
ac_cv_env_build_alias_set=
ac_cv_env_build_alias_value=
ac_cv_env_host_alias_set=
ac_cv_env_host_alias_value=
ac_cv_env_png_CFLAGS_set=
ac_cv_env_png_CFLAGS_value=
ac_cv_env_png_LIBS_set=
ac_cv_env_png_LIBS_value=
ac_cv_env_target_alias_set=
ac_cv_env_target_alias_value=
ac_cv_func_strdup=yes
ac_cv_header_dlfcn_h=yes
ac_cv_header_inttypes_h=yes
ac_cv_header_memory_h=yes
ac_cv_header_stdc=yes
ac_cv_header_stdint_h=yes
ac_cv_header_stdlib_h=yes
ac_cv_header_string_h=yes
ac_cv_header_strings_h=yes
ac_cv_header_sys_stat_h=yes
ac_cv_header_sys_time_h=yes
ac_cv_header_sys_types_h=yes
ac_cv_header_unistd_h=yes
ac_cv_host=x86_64-apple-darwin19.6.0
ac_cv_lib_pthread_pthread_mutex_init=yes
ac_cv_objext=o
ac_cv_path_EGREP='/usr/bin/grep -E'
ac_cv_path_FGREP='/usr/bin/grep -F'
ac_cv_path_GREP=/usr/bin/grep
ac_cv_path_SED=/usr/bin/sed
ac_cv_path_ac_pt_PKG_CONFIG=/usr/local/bin/pkg-config
ac_cv_path_install='/usr/bin/install -c'
ac_cv_path_lt_DD=/bin/dd
ac_cv_prog_AWK=awk
ac_cv_prog_CPP='gcc -E'
ac_cv_prog_ac_ct_AR=ar
ac_cv_prog_ac_ct_CC=gcc
ac_cv_prog_ac_ct_DSYMUTIL=dsymutil
ac_cv_prog_ac_ct_LIPO=lipo
ac_cv_prog_ac_ct_NMEDIT=nmedit
ac_cv_prog_ac_ct_OBJDUMP=objdump
ac_cv_prog_ac_ct_OTOOL=otool
ac_cv_prog_ac_ct_RANLIB=ranlib
ac_cv_prog_ac_ct_STRIP=strip
ac_cv_prog_cc_c89=
ac_cv_prog_cc_g=yes
ac_cv_prog_make_make_set=yes
ac_cv_target=x86_64-apple-darwin19.6.0
am_cv_CC_dependencies_compiler_type=gcc3
am_cv_make_support_nested_variables=yes
am_cv_prog_cc_c_o=yes
lt_cv_apple_cc_single_mod=yes
lt_cv_ar_at_file=no
lt_cv_deplibs_check_method=pass_all
lt_cv_file_magic_cmd='$MAGIC_CMD'
lt_cv_file_magic_test_file=
lt_cv_ld_exported_symbols_list=yes
lt_cv_ld_force_load=yes
lt_cv_ld_reload_flag=-r
lt_cv_nm_interface='BSD nm'
lt_cv_objdir=.libs
lt_cv_path_LD=/Library/Developer/CommandLineTools/usr/bin/ld
lt_cv_path_NM='/usr/bin/nm -B'
lt_cv_path_mainfest_tool=no
lt_cv_prog_compiler_c_o=yes
lt_cv_prog_compiler_pic='-fno-common -DPIC'
lt_cv_prog_compiler_pic_works=yes
lt_cv_prog_compiler_rtti_exceptions=yes
lt_cv_prog_compiler_static_works=no
lt_cv_prog_gnu_ld=no
lt_cv_sharedlib_from_linklib_cmd='printf %s\n'
lt_cv_sys_global_symbol_pipe='sed -n -e '\''s/^.*[	 ]\([BCDEGRST][BCDEGRST]*\)[	 ][	 ]*_\([_A-Za-z][_A-Za-z0-9]*\)$/\1 _\2 \2/p'\'' | sed '\''/ __gnu_lto/d'\'''
lt_cv_sys_global_symbol_to_c_name_address='sed -n -e '\''s/^: \(.*\) .*$/  {"\1", (void *) 0},/p'\'' -e '\''s/^[BCDEGRST][BCDEGRST]* .* \(.*\)$/  {"\1", (void *) \&\1},/p'\'''
lt_cv_sys_global_symbol_to_c_name_address_lib_prefix='sed -n -e '\''s/^: \(.*\) .*$/  {"\1", (void *) 0},/p'\'' -e '\''s/^[BCDEGRST][BCDEGRST]* .* \(lib.*\)$/  {"\1", (void *) \&\1},/p'\'' -e '\''s/^[BCDEGRST][BCDEGRST]* .* \(.*\)$/  {"lib\1", (void *) \&\1},/p'\'''
lt_cv_sys_global_symbol_to_cdecl='sed -n -e '\''s/^T .* \(.*\)$/extern int \1();/p'\'' -e '\''s/^[BCDEGRST][BCDEGRST]* .* \(.*\)$/extern char \1;/p'\'''
lt_cv_sys_global_symbol_to_import=
lt_cv_sys_max_cmd_len=196608
lt_cv_to_host_file_cmd=func_convert_file_noop
lt_cv_to_tool_file_cmd=func_convert_file_noop
lt_cv_truncate_bin='/bin/dd bs=4096 count=1'
pkg_cv_png_CFLAGS=-I/usr/local/Cellar/libpng/1.6.37/include/libpng16
pkg_cv_png_LIBS='-L/usr/local/Cellar/libpng/1.6.37/lib -lpng16 -lz'

## ----------------- ##
## Output variables. ##
## ----------------- ##

ACLOCAL='${SHELL} /Users/cyh/qrencode-4.1.1/use/missing aclocal-1.16'
AMDEPBACKSLASH='\'
AMDEP_FALSE='#'
AMDEP_TRUE=''
AMTAR='$${TAR-tar}'
AM_BACKSLASH='\'
AM_DEFAULT_V='$(AM_DEFAULT_VERBOSITY)'
AM_DEFAULT_VERBOSITY='1'
AM_V='$(V)'
AR='ar'
AUTOCONF='${SHELL} /Users/cyh/qrencode-4.1.1/use/missing autoconf'
AUTOHEADER='${SHELL} /Users/cyh/qrencode-4.1.1/use/missing autoheader'
AUTOMAKE='${SHELL} /Users/cyh/qrencode-4.1.1/use/missing automake-1.16'
AWK='awk'
BUILD_TESTS_FALSE=''
BUILD_TESTS_TRUE='#'
BUILD_TOOLS_FALSE='#'
BUILD_TOOLS_TRUE=''
CC='gcc'
CCDEPMODE='depmode=gcc3'
CFLAGS='-Wall -g -O2 -pthread'
CPP='gcc -E'
CPPFLAGS=''
CYGPATH_W='echo'
DEFS='-DHAVE_CONFIG_H'
DEPDIR='.deps'
DLLTOOL='false'
DSYMUTIL='dsymutil'
DUMPBIN=''
ECHO_C='\c'
ECHO_N=''
ECHO_T=''
EGREP='/usr/bin/grep -E'
EXEEXT=''
FGREP='/usr/bin/grep -F'
GREP='/usr/bin/grep'
HAVE_LIBPTHREAD_FALSE='#'
HAVE_LIBPTHREAD_TRUE=''
HAVE_PNG_FALSE='#'
HAVE_PNG_TRUE=''
HAVE_SDL_FALSE=''
HAVE_SDL_TRUE='#'
INSTALL_DATA='${INSTALL} -m 644'
INSTALL_PROGRAM='${INSTALL}'
INSTALL_SCRIPT='${INSTALL}'
INSTALL_STRIP_PROGRAM='$(install_sh) -c -s'
LD='/Library/Developer/CommandLineTools/usr/bin/ld'
LDFLAGS=''
LIBICONV=''
LIBOBJS=''
LIBPTHREAD='-lpthread'
LIBS=''
LIBTOOL='$(SHELL) $(top_builddir)/libtool'
LIPO='lipo'
LN_S='ln -s'
LTLIBICONV=''
LTLIBOBJS=''
LT_SYS_LIBRARY_PATH=''
MAJOR_VERSION='4'
MAKEINFO='${SHELL} /Users/cyh/qrencode-4.1.1/use/missing makeinfo'
MANIFEST_TOOL=':'
MICRO_VERSION='1'
MINGW_FALSE=''
MINGW_TRUE='#'
MINOR_VERSION='1'
MKDIR_P='use/install-sh -c -d'
NM='/usr/bin/nm -B'
NMEDIT='nmedit'
OBJDUMP='objdump'
OBJEXT='o'
OTOOL64=':'
OTOOL='otool'
PACKAGE='qrencode'
PACKAGE_BUGREPORT=''
PACKAGE_NAME='QRencode'
PACKAGE_STRING='QRencode 4.1.1'
PACKAGE_TARNAME='qrencode'
PACKAGE_URL=''
PACKAGE_VERSION='4.1.1'
PATH_SEPARATOR=':'
PKG_CONFIG='/usr/local/bin/pkg-config'
PKG_CONFIG_LIBDIR=''
PKG_CONFIG_PATH=''
RANLIB='ranlib'
SDL_CFLAGS=''
SDL_LIBS=''
SED='/usr/bin/sed'
SET_MAKE=''
SHELL='/bin/sh'
STRIP='strip'
VERSION='4.1.1'
ac_ct_AR='ar'
ac_ct_CC='gcc'
ac_ct_DUMPBIN=''
am__EXEEXT_FALSE=''
am__EXEEXT_TRUE='#'
am__fastdepCC_FALSE='#'
am__fastdepCC_TRUE=''
am__include='include'
am__isrc=''
am__leading_dot='.'
am__nodep='_no'
am__quote=''
am__tar='$${TAR-tar} chof - "$$tardir"'
am__untar='$${TAR-tar} xf -'
bindir='${exec_prefix}/bin'
build='x86_64-apple-darwin19.6.0'
build_alias=''
build_cpu='x86_64'
build_os='darwin19.6.0'
build_vendor='apple'
datadir='${datarootdir}'
datarootdir='${prefix}/share'
docdir='${datarootdir}/doc/${PACKAGE_TARNAME}'
dvidir='${docdir}'
exec_prefix='${prefix}'
host='x86_64-apple-darwin19.6.0'
host_alias=''
host_cpu='x86_64'
host_os='darwin19.6.0'
host_vendor='apple'
htmldir='${docdir}'
includedir='${prefix}/include'
infodir='${datarootdir}/info'
install_sh='${SHELL} /Users/cyh/qrencode-4.1.1/use/install-sh'
libdir='${exec_prefix}/lib'
libexecdir='${exec_prefix}/libexec'
localedir='${datarootdir}/locale'
localstatedir='${prefix}/var'
mandir='${datarootdir}/man'
mkdir_p='$(MKDIR_P)'
oldincludedir='/usr/include'
pdfdir='${docdir}'
png_CFLAGS='-I/usr/local/Cellar/libpng/1.6.37/include/libpng16'
png_LIBS='-L/usr/local/Cellar/libpng/1.6.37/lib -lpng16 -lz'
prefix='/usr/local'
program_transform_name='s,x,x,'
psdir='${docdir}'
runstatedir='${localstatedir}/run'
sbindir='${exec_prefix}/sbin'
sharedstatedir='${prefix}/com'
sysconfdir='${prefix}/etc'
target='x86_64-apple-darwin19.6.0'
target_alias=''
target_cpu='x86_64'
target_os='darwin19.6.0'
target_vendor='apple'

## ----------- ##
## confdefs.h. ##
## ----------- ##

/* confdefs.h */
#define PACKAGE_NAME "QRencode"
#define PACKAGE_TARNAME "qrencode"
#define PACKAGE_VERSION "4.1.1"
#define PACKAGE_STRING "QRencode 4.1.1"
#define PACKAGE_BUGREPORT ""
#define PACKAGE_URL ""
#define MAJOR_VERSION 4
#define MINOR_VERSION 1
#define MICRO_VERSION 1
#define PACKAGE "qrencode"
#define VERSION "4.1.1"
#define STDC_HEADERS 1
#define HAVE_SYS_TYPES_H 1
#define HAVE_SYS_STAT_H 1
#define HAVE_STDLIB_H 1
#define HAVE_STRING_H 1
#define HAVE_MEMORY_H 1
#define HAVE_STRINGS_H 1
#define HAVE_INTTYPES_H 1
#define HAVE_STDINT_H 1
#define HAVE_UNISTD_H 1
#define HAVE_SYS_TIME_H 1
#define HAVE_DLFCN_H 1
#define LT_OBJDIR ".libs/"
#define HAVE_STRDUP 1
#define HAVE_LIBPTHREAD 1
#define HAVE_PNG 1
#define STATIC_IN_RELEASE static
/* #undef WITH_TESTS */

configure: exit 0
